<?xml version="1.0" encoding="UTF-8"?>
<testng-results ignored="0" total="1" passed="1" failed="0" skipped="0">
  <reporter-output>
  </reporter-output>
  <suite started-at="2019-05-17T01:16:36Z" name="nopCommerce" finished-at="2019-05-17T01:17:12Z" duration-ms="36578">
    <groups>
    </groups>
    <test started-at="2019-05-17T01:16:36Z" name="chrometest" finished-at="2019-05-17T01:17:12Z" duration-ms="36578">
      <class name="com.nopcommerce.testCases.TC_AddCustomerTest_003">
        <test-method is-config="true" signature="setup(java.lang.String)[pri:0, instance:com.nopcommerce.testCases.TC_AddCustomerTest_003@5b94b04d]" started-at="2019-05-17T01:16:37Z" name="setup" finished-at="2019-05-17T01:16:47Z" duration-ms="9906" status="PASS">
          <params>
            <param index="0">
              <value>
                <![CDATA[chrome]]>
              </value>
            </param>
          </params>
          <reporter-output>
          </reporter-output>
        </test-method> <!-- setup -->
        <test-method signature="addNewCustomer()[pri:0, instance:com.nopcommerce.testCases.TC_AddCustomerTest_003@5b94b04d]" started-at="2019-05-17T01:16:47Z" name="addNewCustomer" finished-at="2019-05-17T01:17:11Z" duration-ms="24343" status="PASS">
          <reporter-output>
          </reporter-output>
        </test-method> <!-- addNewCustomer -->
        <test-method is-config="true" signature="tearDown()[pri:0, instance:com.nopcommerce.testCases.TC_AddCustomerTest_003@5b94b04d]" started-at="2019-05-17T01:17:12Z" name="tearDown" finished-at="2019-05-17T01:17:12Z" duration-ms="882" status="PASS">
          <reporter-output>
          </reporter-output>
        </test-method> <!-- tearDown -->
      </class> <!-- com.nopcommerce.testCases.TC_AddCustomerTest_003 -->
    </test> <!-- chrometest -->
  </suite> <!-- nopCommerce -->
</testng-results>
